<component name="libraryTable">
  <library name="junit-4.12-extended-1.1.0-javadoc">
    <CLASSES />
    <JAVADOC>
      <root url="jar://$PROJECT_DIR$/libs/junit-4.12-extended-1.1.0-javadoc.jar!/" />
    </JAVADOC>
    <SOURCES />
  </library>
</component>